<?xml version="1.0" encoding="UTF-8"?>
<!-- Generated by org.testng.reporters.JUnitXMLReporter -->
<testsuite ignored="0" hostname="LTIN679133" failures="1" tests="1" name="SmokeTests" time="0.068" errors="0" timestamp="2025-10-31T12:54:44 IST">
  <testcase classname="Pages.HospitalSearchPage" name="searchHospitals" time="0.02">
    <failure type="java.lang.NullPointerException" message="Cannot invoke &amp;quot;org.openqa.selenium.support.ui.WebDriverWait.until(java.util.function.Function)&amp;quot; because &amp;quot;this.wait&amp;quot; is null">
      <![CDATA[java.lang.NullPointerException: Cannot invoke "org.openqa.selenium.support.ui.WebDriverWait.until(java.util.function.Function)" because "this.wait" is null
at Pages.HospitalSearchPage.searchHospitals(HospitalSearchPage.java:25)
at java.base/java.util.ArrayList.forEach(ArrayList.java:1596)
... Removed 25 stack frames]]>
    </failure>
  </testcase> <!-- searchHospitals -->
</testsuite> <!-- SmokeTests -->
