<?xml version="1.0" encoding="UTF-8"?>
<!-- Generated by org.testng.reporters.JUnitXMLReporter -->
<testsuite ignored="0" hostname="LTIN679133" failures="0" tests="7" name="Test" time="77.458" errors="0" timestamp="2025-11-02T15:36:55 IST">
  <testcase classname="Pages.HospitalSearchPage" name="setLocationAndSearch" time="11.411"/>
  <testcase classname="Pages.HospitalSearchPage" name="filterHospitals" time="0.517"/>
  <testcase classname="Pages.HospitalSearchPage" name="extractHospitalNames" time="33.936"/>
  <testcase classname="Pages.HospitalSearchPage" name="searchHospitals" time="1.166"/>
  <testcase classname="Pages.DiagnosticPage" name="clickLabTests" time="1.941"/>
  <testcase classname="Pages.DiagnosticPage" name="getCityNames" time="1.157"/>
  <testcase classname="Pages.DiagnosticPage" name="diagnostic" time="0.241"/>
</testsuite> <!-- Test -->
