<?xml version="1.0" encoding="UTF-8"?>
<!-- Generated by org.testng.reporters.JUnitXMLReporter -->
<testsuite ignored="2" hostname="LTIN679133" failures="0" tests="7" name="Test" time="59.016" errors="0" timestamp="2025-11-04T16:30:22 IST">
  <testcase classname="Tests.HospitalSearchTest" name="testSetLocationAndSearch" time="16.573"/>
  <testcase classname="Tests.HospitalSearchTest" name="testFilterHospitals" time="0.605"/>
  <testcase classname="Tests.HospitalSearchTest" name="testExtractHospitalNames" time="26.422"/>
  <testcase classname="Tests.HospitalSearchTest" name="testWriteToExcel" time="0.716"/>
  <testcase classname="Tests.DiagnosticTest" name="testClickLabTests" time="12.046"/>
  <testcase classname="Tests.DiagnosticTest" name="testGetCityNames" time="1.551"/>
  <testcase classname="Tests.DiagnosticTest" name="testWriteCityNamesToExcel" time="0.215"/>
  <testcase classname="Tests.HomePage" name="@BeforeSuite setDriver" time="0.0">
    <ignored/>
  </testcase> <!-- @BeforeSuite setDriver -->
  <testcase classname="Tests.HomePage" name="@AfterSuite Quit" time="0.0">
    <ignored/>
  </testcase> <!-- @AfterSuite Quit -->
</testsuite> <!-- Test -->
