<?xml version="1.0" encoding="UTF-8"?>
<!-- Generated by org.testng.reporters.JUnitXMLReporter -->
<testsuite ignored="0" hostname="LTIN679133" failures="0" tests="7" name="Smoke Test - Hospital Search" time="130.909" errors="0" timestamp="2025-11-03T09:12:16 IST">
  <testcase classname="Pages.HospitalSearchPage" name="setLocationAndSearch" time="10.993"/>
  <testcase classname="Pages.HospitalSearchPage" name="filterHospitals" time="1.402"/>
  <testcase classname="Pages.HospitalSearchPage" name="extractHospitalNames" time="56.904"/>
  <testcase classname="Pages.HospitalSearchPage" name="searchHospitals" time="4.152"/>
  <testcase classname="Pages.DiagnosticPage" name="clickLabTests" time="2.443"/>
  <testcase classname="Pages.DiagnosticPage" name="getCityNames" time="3.349"/>
  <testcase classname="Pages.DiagnosticPage" name="diagnostic" time="1.15"/>
</testsuite> <!-- Smoke Test - Hospital Search -->
