<?xml version="1.0" encoding="UTF-8"?>
<testng-results ignored="0" total="8" passed="8" failed="0" skipped="0">
  <reporter-output>
  </reporter-output>
  <suite started-at="2025-11-06T12:11:09 IST" name="Suite" finished-at="2025-11-06T12:12:41 IST" duration-ms="91090">
    <groups>
      <group name="diagnostic">
        <method signature="DiagnosticTest.testClickLabTests()[pri:0, instance:Tests.DiagnosticTest@ae13544]" name="testClickLabTests" class="Tests.DiagnosticTest"/>
        <method signature="DiagnosticTest.testGetCityNames()[pri:1, instance:Tests.DiagnosticTest@ae13544]" name="testGetCityNames" class="Tests.DiagnosticTest"/>
        <method signature="DiagnosticTest.testWriteCityNamesToExcel()[pri:2, instance:Tests.DiagnosticTest@ae13544]" name="testWriteCityNamesToExcel" class="Tests.DiagnosticTest"/>
      </group> <!-- diagnostic -->
      <group name="hospital">
        <method signature="HospitalSearchTest.testSetLocationAndSearch(java.lang.String,java.lang.String)[pri:0, instance:Tests.HospitalSearchTest@7c9d8e2]" name="testSetLocationAndSearch" class="Tests.HospitalSearchTest"/>
        <method signature="HospitalSearchTest.testFilterHospitals()[pri:1, instance:Tests.HospitalSearchTest@7c9d8e2]" name="testFilterHospitals" class="Tests.HospitalSearchTest"/>
        <method signature="HospitalSearchTest.testExtractHospitalNames()[pri:2, instance:Tests.HospitalSearchTest@7c9d8e2]" name="testExtractHospitalNames" class="Tests.HospitalSearchTest"/>
        <method signature="HospitalSearchTest.testWriteToExcel()[pri:3, instance:Tests.HospitalSearchTest@7c9d8e2]" name="testWriteToExcel" class="Tests.HospitalSearchTest"/>
      </group> <!-- hospital -->
    </groups>
    <test started-at="2025-11-06T12:11:09 IST" name="Test" finished-at="2025-11-06T12:12:41 IST" duration-ms="91090">
      <class name="Tests.CorporateFormDemoTest">
        <test-method is-config="true" signature="initPage()[pri:0, instance:Tests.CorporateFormDemoTest@3d34d211]" started-at="2025-11-06T12:12:24 IST" name="initPage" finished-at="2025-11-06T12:12:24 IST" duration-ms="18" status="PASS">
          <reporter-output>
          </reporter-output>
        </test-method> <!-- initPage -->
        <test-method signature="fillFormAndCaptureScreenshot(java.lang.String,java.lang.String,java.lang.String,java.lang.String,java.lang.String,java.lang.String)[pri:0, instance:Tests.CorporateFormDemoTest@3d34d211]" started-at="2025-11-06T12:12:24 IST" name="fillFormAndCaptureScreenshot" data-provider="formDataProvider" finished-at="2025-11-06T12:12:41 IST" duration-ms="16081" status="PASS">
          <params>
            <param index="0">
              <value>
                <![CDATA[INVALID USER]]>
              </value>
            </param>
            <param index="1">
              <value>
                <![CDATA[Cognizant]]>
              </value>
            </param>
            <param index="2">
              <value>
                <![CDATA[98765.0]]>
              </value>
            </param>
            <param index="3">
              <value>
                <![CDATA[test@example.com]]>
              </value>
            </param>
            <param index="4">
              <value>
                <![CDATA[<500]]>
              </value>
            </param>
            <param index="5">
              <value>
                <![CDATA[Taking a demo]]>
              </value>
            </param>
          </params>
          <reporter-output>
          </reporter-output>
        </test-method> <!-- fillFormAndCaptureScreenshot -->
      </class> <!-- Tests.CorporateFormDemoTest -->
      <class name="Tests.HospitalSearchTest">
        <test-method is-config="true" signature="setDriver()[pri:0, instance:Tests.HospitalSearchTest@7c9d8e2]" started-at="2025-11-06T12:10:57 IST" name="setDriver" finished-at="2025-11-06T12:11:09 IST" duration-ms="12503" status="PASS">
          <reporter-output>
          </reporter-output>
        </test-method> <!-- setDriver -->
        <test-method is-config="true" signature="initPage()[pri:0, instance:Tests.HospitalSearchTest@7c9d8e2]" started-at="2025-11-06T12:11:10 IST" name="initPage" finished-at="2025-11-06T12:11:10 IST" duration-ms="31" status="PASS">
          <reporter-output>
          </reporter-output>
        </test-method> <!-- initPage -->
        <test-method signature="testSetLocationAndSearch(java.lang.String,java.lang.String)[pri:0, instance:Tests.HospitalSearchTest@7c9d8e2]" started-at="2025-11-06T12:11:10 IST" name="testSetLocationAndSearch" data-provider="excelData" finished-at="2025-11-06T12:11:26 IST" duration-ms="15295" status="PASS">
          <params>
            <param index="0">
              <value>
                <![CDATA[Bangalore]]>
              </value>
            </param>
            <param index="1">
              <value>
                <![CDATA[Hospital]]>
              </value>
            </param>
          </params>
          <reporter-output>
          </reporter-output>
        </test-method> <!-- testSetLocationAndSearch -->
        <test-method is-config="true" signature="initPage()[pri:0, instance:Tests.HospitalSearchTest@7c9d8e2]" started-at="2025-11-06T12:11:26 IST" name="initPage" finished-at="2025-11-06T12:11:26 IST" duration-ms="4" status="PASS">
          <reporter-output>
          </reporter-output>
        </test-method> <!-- initPage -->
        <test-method signature="testFilterHospitals()[pri:1, instance:Tests.HospitalSearchTest@7c9d8e2]" started-at="2025-11-06T12:11:26 IST" name="testFilterHospitals" finished-at="2025-11-06T12:11:27 IST" duration-ms="1065" status="PASS">
          <reporter-output>
          </reporter-output>
        </test-method> <!-- testFilterHospitals -->
        <test-method is-config="true" signature="initPage()[pri:0, instance:Tests.HospitalSearchTest@7c9d8e2]" started-at="2025-11-06T12:11:27 IST" name="initPage" finished-at="2025-11-06T12:11:27 IST" duration-ms="2" status="PASS">
          <reporter-output>
          </reporter-output>
        </test-method> <!-- initPage -->
        <test-method signature="testExtractHospitalNames()[pri:2, instance:Tests.HospitalSearchTest@7c9d8e2]" started-at="2025-11-06T12:11:27 IST" name="testExtractHospitalNames" finished-at="2025-11-06T12:12:07 IST" duration-ms="40371" status="PASS">
          <reporter-output>
          </reporter-output>
        </test-method> <!-- testExtractHospitalNames -->
        <test-method is-config="true" signature="initPage()[pri:0, instance:Tests.HospitalSearchTest@7c9d8e2]" started-at="2025-11-06T12:12:07 IST" name="initPage" finished-at="2025-11-06T12:12:07 IST" duration-ms="5" status="PASS">
          <reporter-output>
          </reporter-output>
        </test-method> <!-- initPage -->
        <test-method signature="testWriteToExcel()[pri:3, instance:Tests.HospitalSearchTest@7c9d8e2]" started-at="2025-11-06T12:12:07 IST" name="testWriteToExcel" finished-at="2025-11-06T12:12:08 IST" duration-ms="614" status="PASS">
          <reporter-output>
          </reporter-output>
        </test-method> <!-- testWriteToExcel -->
        <test-method is-config="true" signature="Quit()[pri:0, instance:Tests.HospitalSearchTest@7c9d8e2]" started-at="2025-11-06T12:12:41 IST" name="Quit" finished-at="2025-11-06T12:12:48 IST" duration-ms="7727" status="PASS">
          <reporter-output>
          </reporter-output>
        </test-method> <!-- Quit -->
      </class> <!-- Tests.HospitalSearchTest -->
      <class name="Tests.DiagnosticTest">
        <test-method is-config="true" signature="initPage()[pri:0, instance:Tests.DiagnosticTest@ae13544]" started-at="2025-11-06T12:12:08 IST" name="initPage" finished-at="2025-11-06T12:12:08 IST" duration-ms="20" status="PASS">
          <reporter-output>
          </reporter-output>
        </test-method> <!-- initPage -->
        <test-method signature="testClickLabTests()[pri:0, instance:Tests.DiagnosticTest@ae13544]" started-at="2025-11-06T12:12:08 IST" name="testClickLabTests" finished-at="2025-11-06T12:12:20 IST" duration-ms="12576" status="PASS">
          <reporter-output>
          </reporter-output>
        </test-method> <!-- testClickLabTests -->
        <test-method is-config="true" signature="initPage()[pri:0, instance:Tests.DiagnosticTest@ae13544]" started-at="2025-11-06T12:12:20 IST" name="initPage" finished-at="2025-11-06T12:12:20 IST" duration-ms="2" status="PASS">
          <reporter-output>
          </reporter-output>
        </test-method> <!-- initPage -->
        <test-method signature="testGetCityNames()[pri:1, instance:Tests.DiagnosticTest@ae13544]" started-at="2025-11-06T12:12:20 IST" name="testGetCityNames" finished-at="2025-11-06T12:12:24 IST" duration-ms="3177" status="PASS">
          <reporter-output>
          </reporter-output>
        </test-method> <!-- testGetCityNames -->
        <test-method signature="testWriteCityNamesToExcel()[pri:2, instance:Tests.DiagnosticTest@ae13544]" started-at="2025-11-06T12:12:24 IST" name="testWriteCityNamesToExcel" finished-at="2025-11-06T12:12:24 IST" duration-ms="671" status="PASS">
          <reporter-output>
          </reporter-output>
        </test-method> <!-- testWriteCityNamesToExcel -->
        <test-method is-config="true" signature="initPage()[pri:0, instance:Tests.DiagnosticTest@ae13544]" started-at="2025-11-06T12:12:24 IST" name="initPage" finished-at="2025-11-06T12:12:24 IST" duration-ms="0" status="PASS">
          <reporter-output>
          </reporter-output>
        </test-method> <!-- initPage -->
      </class> <!-- Tests.DiagnosticTest -->
    </test> <!-- Test -->
  </suite> <!-- Suite -->
</testng-results>
