<?xml version="1.0" encoding="UTF-8"?>
<testng-results ignored="0" total="7" passed="7" failed="0" skipped="0">
  <reporter-output>
  </reporter-output>
  <suite started-at="2025-11-03T09:10:05 IST" name="Hospital Diagnostic Suite" finished-at="2025-11-03T09:12:16 IST" duration-ms="130909">
    <groups>
      <group name="diagnostic">
        <method signature="DiagnosticPage.clickLabTests()[pri:0, instance:Pages.DiagnosticPage@2cd76f31]" name="clickLabTests" class="Pages.DiagnosticPage"/>
        <method signature="DiagnosticPage.getCityNames()[pri:1, instance:Pages.DiagnosticPage@2cd76f31]" name="getCityNames" class="Pages.DiagnosticPage"/>
        <method signature="DiagnosticPage.diagnostic()[pri:2, instance:Pages.DiagnosticPage@2cd76f31]" name="diagnostic" class="Pages.DiagnosticPage"/>
      </group> <!-- diagnostic -->
      <group name="hospital">
        <method signature="HospitalSearchPage.setLocationAndSearch()[pri:0, instance:Pages.HospitalSearchPage@4e08711f]" name="setLocationAndSearch" class="Pages.HospitalSearchPage"/>
        <method signature="HospitalSearchPage.filterHospitals()[pri:1, instance:Pages.HospitalSearchPage@4e08711f]" name="filterHospitals" class="Pages.HospitalSearchPage"/>
        <method signature="HospitalSearchPage.extractHospitalNames()[pri:2, instance:Pages.HospitalSearchPage@4e08711f]" name="extractHospitalNames" class="Pages.HospitalSearchPage"/>
        <method signature="HospitalSearchPage.searchHospitals()[pri:3, instance:Pages.HospitalSearchPage@4e08711f]" name="searchHospitals" class="Pages.HospitalSearchPage"/>
      </group> <!-- hospital -->
    </groups>
    <test started-at="2025-11-03T09:10:05 IST" name="Smoke Test - Hospital Search" finished-at="2025-11-03T09:12:16 IST" duration-ms="130909">
      <class name="Pages.DiagnosticPage">
        <test-method is-config="true" signature="setDriver()[pri:0, instance:Pages.DiagnosticPage@2cd76f31]" started-at="2025-11-03T09:11:52 IST" name="setDriver" finished-at="2025-11-03T09:12:03 IST" duration-ms="11141" status="PASS">
          <reporter-output>
          </reporter-output>
        </test-method> <!-- setDriver -->
        <test-method signature="clickLabTests()[pri:0, instance:Pages.DiagnosticPage@2cd76f31]" started-at="2025-11-03T09:12:03 IST" name="clickLabTests" finished-at="2025-11-03T09:12:05 IST" duration-ms="2443" status="PASS">
          <reporter-output>
          </reporter-output>
        </test-method> <!-- clickLabTests -->
        <test-method signature="getCityNames()[pri:1, instance:Pages.DiagnosticPage@2cd76f31]" started-at="2025-11-03T09:12:05 IST" name="getCityNames" finished-at="2025-11-03T09:12:09 IST" duration-ms="3349" status="PASS">
          <reporter-output>
          </reporter-output>
        </test-method> <!-- getCityNames -->
        <test-method signature="diagnostic()[pri:2, instance:Pages.DiagnosticPage@2cd76f31]" started-at="2025-11-03T09:12:09 IST" name="diagnostic" finished-at="2025-11-03T09:12:10 IST" duration-ms="1150" status="PASS">
          <reporter-output>
          </reporter-output>
        </test-method> <!-- diagnostic -->
        <test-method is-config="true" signature="Quit()[pri:0, instance:Pages.DiagnosticPage@2cd76f31]" started-at="2025-11-03T09:12:10 IST" name="Quit" finished-at="2025-11-03T09:12:16 IST" duration-ms="6310" status="PASS">
          <reporter-output>
          </reporter-output>
        </test-method> <!-- Quit -->
      </class> <!-- Pages.DiagnosticPage -->
      <class name="Pages.HospitalSearchPage">
        <test-method is-config="true" signature="setDriver()[pri:0, instance:Pages.HospitalSearchPage@4e08711f]" started-at="2025-11-03T09:10:05 IST" name="setDriver" finished-at="2025-11-03T09:10:31 IST" duration-ms="26071" status="PASS">
          <reporter-output>
          </reporter-output>
        </test-method> <!-- setDriver -->
        <test-method signature="setLocationAndSearch()[pri:0, instance:Pages.HospitalSearchPage@4e08711f]" started-at="2025-11-03T09:10:31 IST" name="setLocationAndSearch" finished-at="2025-11-03T09:10:42 IST" duration-ms="10993" status="PASS">
          <reporter-output>
          </reporter-output>
        </test-method> <!-- setLocationAndSearch -->
        <test-method signature="filterHospitals()[pri:1, instance:Pages.HospitalSearchPage@4e08711f]" started-at="2025-11-03T09:10:42 IST" name="filterHospitals" finished-at="2025-11-03T09:10:44 IST" duration-ms="1402" status="PASS">
          <reporter-output>
          </reporter-output>
        </test-method> <!-- filterHospitals -->
        <test-method signature="extractHospitalNames()[pri:2, instance:Pages.HospitalSearchPage@4e08711f]" started-at="2025-11-03T09:10:44 IST" name="extractHospitalNames" finished-at="2025-11-03T09:11:41 IST" duration-ms="56904" status="PASS">
          <reporter-output>
          </reporter-output>
        </test-method> <!-- extractHospitalNames -->
        <test-method signature="searchHospitals()[pri:3, instance:Pages.HospitalSearchPage@4e08711f]" started-at="2025-11-03T09:11:41 IST" name="searchHospitals" finished-at="2025-11-03T09:11:45 IST" duration-ms="4152" status="PASS">
          <reporter-output>
          </reporter-output>
        </test-method> <!-- searchHospitals -->
        <test-method is-config="true" signature="Quit()[pri:0, instance:Pages.HospitalSearchPage@4e08711f]" started-at="2025-11-03T09:11:45 IST" name="Quit" finished-at="2025-11-03T09:11:52 IST" duration-ms="6836" status="PASS">
          <reporter-output>
          </reporter-output>
        </test-method> <!-- Quit -->
      </class> <!-- Pages.HospitalSearchPage -->
    </test> <!-- Smoke Test - Hospital Search -->
  </suite> <!-- Hospital Diagnostic Suite -->
</testng-results>
