<?xml version="1.0" encoding="UTF-8"?>
<!-- Generated by org.testng.reporters.JUnitReportReporter -->
<testsuite hostname="LTIN679140" failures="0" tests="4" name="Tests.HospitalSearchTest" time="57.387" errors="0" timestamp="2025-11-06T12:12:49 IST" skipped="0">
  <testcase classname="Tests.HospitalSearchTest" name="testSetLocationAndSearch" time="15.299"/>
  <testcase classname="Tests.HospitalSearchTest" name="testFilterHospitals" time="1.067"/>
  <testcase classname="Tests.HospitalSearchTest" name="testExtractHospitalNames" time="40.402"/>
  <testcase classname="Tests.HospitalSearchTest" name="testWriteToExcel" time="0.619"/>
</testsuite> <!-- Tests.HospitalSearchTest -->
