<?xml version="1.0" encoding="UTF-8"?>
<!-- Generated by org.testng.reporters.JUnitReportReporter -->
<testsuite hostname="LTIN679133" failures="0" tests="4" name="Pages.HospitalSearchPage" time="58.855" errors="0" timestamp="2025-11-04T12:31:51 IST" skipped="0">
  <testcase classname="Pages.HospitalSearchPage" name="setLocationAndSearch" time="15.830"/>
  <testcase classname="Pages.HospitalSearchPage" name="filterHospitals" time="1.637"/>
  <testcase classname="Pages.HospitalSearchPage" name="extractHospitalNames" time="41.179"/>
  <testcase classname="Pages.HospitalSearchPage" name="searchHospitals" time="0.209"/>
</testsuite> <!-- Pages.HospitalSearchPage -->
