<?xml version="1.0" encoding="UTF-8"?>
<!-- Generated by org.testng.reporters.JUnitReportReporter -->
<testsuite hostname="LTIN679133" failures="0" tests="3" name="Pages.DiagnosticPage" time="6.942" errors="0" timestamp="2025-11-03T09:12:17 IST" skipped="0">
  <testcase classname="Pages.DiagnosticPage" name="clickLabTests" time="2.443"/>
  <testcase classname="Pages.DiagnosticPage" name="getCityNames" time="3.349"/>
  <testcase classname="Pages.DiagnosticPage" name="diagnostic" time="1.150"/>
</testsuite> <!-- Pages.DiagnosticPage -->
