<?xml version="1.0" encoding="UTF-8"?>
<!-- Generated by org.testng.reporters.JUnitReportReporter -->
<testsuite hostname="LTIN679133" failures="0" tests="4" name="Tests.HospitalSearchTest" time="44.383" errors="0" timestamp="2025-11-04T16:30:29 IST" skipped="0">
  <testcase classname="Tests.HospitalSearchTest" name="testSetLocationAndSearch" time="16.573"/>
  <testcase classname="Tests.HospitalSearchTest" name="testFilterHospitals" time="0.671"/>
  <testcase classname="Tests.HospitalSearchTest" name="testExtractHospitalNames" time="26.422"/>
  <testcase classname="Tests.HospitalSearchTest" name="testWriteToExcel" time="0.717"/>
</testsuite> <!-- Tests.HospitalSearchTest -->
