<?xml version="1.0" encoding="UTF-8"?>
<!-- Generated by org.testng.reporters.JUnitReportReporter -->
<testsuite hostname="LTIN679133" failures="0" tests="3" name="Tests.DiagnosticTest" time="13.851" errors="0" timestamp="2025-11-04T16:30:29 IST" skipped="0">
  <testcase classname="Tests.DiagnosticTest" name="testClickLabTests" time="12.047"/>
  <testcase classname="Tests.DiagnosticTest" name="testGetCityNames" time="1.589"/>
  <testcase classname="Tests.DiagnosticTest" name="testWriteCityNamesToExcel" time="0.215"/>
</testsuite> <!-- Tests.DiagnosticTest -->
