<?xml version="1.0" encoding="UTF-8"?>
<!-- Generated by org.testng.reporters.JUnitReportReporter -->
<testsuite hostname="LTIN679133" failures="0" tests="4" name="Pages.HospitalSearchPage" time="73.451" errors="0" timestamp="2025-11-03T09:12:17 IST" skipped="0">
  <testcase classname="Pages.HospitalSearchPage" name="setLocationAndSearch" time="10.993"/>
  <testcase classname="Pages.HospitalSearchPage" name="filterHospitals" time="1.402"/>
  <testcase classname="Pages.HospitalSearchPage" name="extractHospitalNames" time="56.904"/>
  <testcase classname="Pages.HospitalSearchPage" name="searchHospitals" time="4.152"/>
</testsuite> <!-- Pages.HospitalSearchPage -->
