<?xml version="1.0" encoding="UTF-8"?>
<!-- Generated by org.testng.reporters.JUnitReportReporter -->
<testsuite hostname="LTIN679140" failures="0" tests="3" name="Tests.DiagnosticTest" time="16.446" errors="0" timestamp="2025-11-06T12:12:49 IST" skipped="0">
  <testcase classname="Tests.DiagnosticTest" name="testClickLabTests" time="12.578"/>
  <testcase classname="Tests.DiagnosticTest" name="testGetCityNames" time="3.177"/>
  <testcase classname="Tests.DiagnosticTest" name="testWriteCityNamesToExcel" time="0.691"/>
</testsuite> <!-- Tests.DiagnosticTest -->
