<?xml version="1.0" encoding="UTF-8"?>
<!-- Generated by org.testng.reporters.JUnitReportReporter -->
<testsuite hostname="LTIN679133" failures="0" tests="3" name="Pages.DiagnosticPage" time="8.461" errors="0" timestamp="2025-11-04T12:31:51 IST" skipped="0">
  <testcase classname="Pages.DiagnosticPage" name="clickLabTests" time="3.697"/>
  <testcase classname="Pages.DiagnosticPage" name="getCityNames" time="4.560"/>
  <testcase classname="Pages.DiagnosticPage" name="diagnostic" time="0.204"/>
</testsuite> <!-- Pages.DiagnosticPage -->
